{
  "RSpec": {
    "coverage": {
      "/home/stupendous-event-5715/tic-tac-toe-rb-online-web-sp-000/lib/tic_tac_toe.rb": [
        1,
        15,
        15,
        15,
        15,
        15,
        null,
        null,
        1,
        17,
        null,
        null,
        1,
        16,
        null,
        null,
        1,
        19,
        null,
        null,
        1,
        17,
        null,
        null,
        1,
        16,
        16,
        144,
        11,
        null,
        null,
        16,
        null,
        null,
        1,
        15,
        15,
        11,
        null,
        4,
        null,
        15,
        null,
        1,
        14,
        14,
        14,
        14,
        14,
        13,
        13,
        null,
        1,
        null,
        null,
        null,
        null,
        1,
        null,
        null,
        null,
        null,
        null,
        null,
        null,
        null,
        null,
        1,
        26,
        null,
        150,
        150,
        null,
        150,
        450,
        450,
        null,
        1159,
        12,
        974,
        2,
        null,
        null,
        null,
        12,
        null,
        null,
        null,
        1,
        null,
        88,
        null,
        null,
        null,
        1,
        13,
        5,
        null,
        null,
        null,
        null,
        1,
        11,
        2,
        9,
        4,
        null,
        null,
        null,
        null,
        1,
        10,
        4,
        4,
        4,
        4,
        12,
        12,
        null,
        14,
        3,
        4,
        1,
        null,
        null,
        null,
        null,
        1,
        8,
        11,
        null,
        8,
        8,
        null
      ]
    },
    "timestamp": 1555173681
  }
}
