{
  "RSpec": {
    "coverage": {
      "/home/stupendous-event-5715/tic-tac-toe-rb-online-web-sp-000/lib/tic_tac_toe.rb": [
        1,
        5,
        5,
        5,
        5,
        5,
        null,
        null,
        1,
        8701,
        null,
        null,
        1,
        6,
        null,
        null,
        1,
        8703,
        null,
        null,
        1,
        8701,
        null,
        null,
        1,
        8700,
        8700,
        78300,
        8699,
        null,
        null,
        8700,
        null,
        null,
        1,
        8699,
        8699,
        5,
        null,
        8694,
        null,
        8699,
        null,
        1,
        8699,
        8698,
        8698,
        8698,
        8698,
        3,
        3,
        null,
        8695,
        null,
        null,
        null,
        null,
        1,
        null,
        null,
        null,
        null,
        null,
        null,
        null,
        null,
        null,
        1,
        13,
        null,
        88,
        88,
        null,
        88,
        264,
        264,
        null,
        697,
        6,
        605,
        2,
        null,
        null,
        null,
        5,
        null,
        null,
        null,
        1,
        null,
        69,
        null,
        null,
        null,
        1,
        8,
        5,
        null,
        null,
        null,
        null,
        1,
        3,
        1,
        2,
        1,
        null,
        null,
        null,
        null,
        1,
        3,
        2,
        2,
        2,
        2,
        6,
        6,
        null,
        6,
        1,
        4,
        1,
        null,
        null,
        null,
        null,
        1,
        1,
        1,
        0,
        null,
        1,
        null
      ]
    },
    "timestamp": 1555173309
  }
}
